{"/Users/andreasolsson/Code/Work/@cdab/components/src/index.ts": {"path":"/Users/andreasolsson/Code/Work/@cdab/components/src/index.ts","statementMap":{"0":{"start":{"line":1,"column":0},"end":{"line":1,"column":23}},"1":{"start":{"line":2,"column":0},"end":{"line":2,"column":26}}},"fnMap":{},"branchMap":{},"s":{"0":0,"1":0},"f":{},"b":{}}
,"/Users/andreasolsson/Code/Work/@cdab/components/src/card/card.styles.ts": {"path":"/Users/andreasolsson/Code/Work/@cdab/components/src/card/card.styles.ts","statementMap":{"0":{"start":{"line":1,"column":0},"end":{"line":1,"column":54}},"1":{"start":{"line":5,"column":13},"end":{"line":30,"column":2}},"2":{"start":{"line":6,"column":43},"end":{"line":29,"column":null}},"3":{"start":{"line":32,"column":13},"end":{"line":36,"column":2}},"4":{"start":{"line":33,"column":38},"end":{"line":35,"column":null}},"5":{"start":{"line":38,"column":13},"end":{"line":46,"column":2}},"6":{"start":{"line":39,"column":37},"end":{"line":45,"column":null}},"7":{"start":{"line":47,"column":13},"end":{"line":84,"column":2}},"8":{"start":{"line":48,"column":54},"end":{"line":83,"column":null}},"9":{"start":{"line":86,"column":13},"end":{"line":93,"column":2}},"10":{"start":{"line":87,"column":38},"end":{"line":92,"column":null}}},"fnMap":{"0":{"name":"(anonymous_0)","decl":{"start":{"line":6,"column":4},"end":{"line":6,"column":5}},"loc":{"start":{"line":6,"column":43},"end":{"line":29,"column":null}}},"1":{"name":"(anonymous_1)","decl":{"start":{"line":33,"column":4},"end":{"line":33,"column":5}},"loc":{"start":{"line":33,"column":38},"end":{"line":35,"column":null}}},"2":{"name":"(anonymous_2)","decl":{"start":{"line":39,"column":4},"end":{"line":39,"column":5}},"loc":{"start":{"line":39,"column":37},"end":{"line":45,"column":null}}},"3":{"name":"(anonymous_3)","decl":{"start":{"line":48,"column":4},"end":{"line":48,"column":5}},"loc":{"start":{"line":48,"column":54},"end":{"line":83,"column":null}}},"4":{"name":"(anonymous_4)","decl":{"start":{"line":87,"column":4},"end":{"line":87,"column":5}},"loc":{"start":{"line":87,"column":38},"end":{"line":92,"column":null}}}},"branchMap":{"0":{"loc":{"start":{"line":10,"column":18},"end":{"line":10,"column":24}},"type":"binary-expr","locations":[{"start":{"line":10,"column":18},"end":{"line":10,"column":24}},{"start":{"line":10,"column":28},"end":{"line":10,"column":44}}]},"1":{"loc":{"start":{"line":20,"column":6},"end":{"line":20,"column":10}},"type":"binary-expr","locations":[{"start":{"line":20,"column":6},"end":{"line":20,"column":10}},{"start":{"line":20,"column":14},"end":{"line":20,"column":42}}]},"2":{"loc":{"start":{"line":77,"column":6},"end":{"line":77,"column":12}},"type":"binary-expr","locations":[{"start":{"line":77,"column":6},"end":{"line":77,"column":12}},{"start":{"line":78,"column":6},"end":{"line":82,"column":null}}]}},"s":{"0":0,"1":0,"2":0,"3":0,"4":0,"5":0,"6":0,"7":0,"8":0,"9":0,"10":0},"f":{"0":0,"1":0,"2":0,"3":0,"4":0},"b":{"0":[0,0],"1":[0,0],"2":[0,0]}}
,"/Users/andreasolsson/Code/Work/@cdab/components/src/card/card.theme.ts": {"path":"/Users/andreasolsson/Code/Work/@cdab/components/src/card/card.theme.ts","statementMap":{"0":{"start":{"line":1,"column":0},"end":{"line":1,"column":63}},"1":{"start":{"line":3,"column":25},"end":{"line":81,"column":4}},"2":{"start":{"line":9,"column":2},"end":{"line":81,"column":4}},"3":{"start":{"line":3,"column":13},"end":{"line":3,"column":25}}},"fnMap":{"0":{"name":"(anonymous_0)","decl":{"start":{"line":3,"column":25},"end":{"line":3,"column":26}},"loc":{"start":{"line":9,"column":2},"end":{"line":81,"column":4}}}},"branchMap":{},"s":{"0":0,"1":0,"2":0,"3":0},"f":{"0":0},"b":{}}
,"/Users/andreasolsson/Code/Work/@cdab/components/src/card/card.tsx": {"path":"/Users/andreasolsson/Code/Work/@cdab/components/src/card/card.tsx","statementMap":{"0":{"start":{"line":1,"column":0},"end":{"line":1,"column":31}},"1":{"start":{"line":4,"column":0},"end":{"line":4,"column":75}},"2":{"start":{"line":8,"column":0},"end":{"line":8,"column":41}},"3":{"start":{"line":11,"column":20},"end":{"line":34,"column":1}},"4":{"start":{"line":22,"column":2},"end":{"line":33,"column":4}},"5":{"start":{"line":11,"column":13},"end":{"line":11,"column":20}},"6":{"start":{"line":36,"column":0},"end":{"line":36,"column":30}}},"fnMap":{"0":{"name":"(anonymous_0)","decl":{"start":{"line":11,"column":20},"end":{"line":11,"column":21}},"loc":{"start":{"line":21,"column":30},"end":{"line":34,"column":1}}}},"branchMap":{"0":{"loc":{"start":{"line":16,"column":11},"end":{"line":16,"column":16}},"type":"default-arg","locations":[{"start":{"line":16,"column":11},"end":{"line":16,"column":16}}]},"1":{"loc":{"start":{"line":19,"column":12},"end":{"line":19,"column":20}},"type":"default-arg","locations":[{"start":{"line":19,"column":12},"end":{"line":19,"column":20}}]},"2":{"loc":{"start":{"line":20,"column":11},"end":{"line":20,"column":18}},"type":"default-arg","locations":[{"start":{"line":20,"column":11},"end":{"line":20,"column":18}}]},"3":{"loc":{"start":{"line":24,"column":8},"end":{"line":24,"column":13}},"type":"binary-expr","locations":[{"start":{"line":24,"column":8},"end":{"line":24,"column":13}},{"start":{"line":24,"column":17},"end":{"line":24,"column":30}},{"start":{"line":25,"column":8},"end":{"line":27,"column":null}}]},"4":{"loc":{"start":{"line":27,"column":11},"end":{"line":27,"column":38}},"type":"binary-expr","locations":[{"start":{"line":27,"column":11},"end":{"line":27,"column":38}},{"start":{"line":27,"column":42},"end":{"line":27,"column":70}}]},"5":{"loc":{"start":{"line":31,"column":7},"end":{"line":31,"column":13}},"type":"binary-expr","locations":[{"start":{"line":31,"column":7},"end":{"line":31,"column":13}},{"start":{"line":31,"column":17},"end":{"line":31,"column":60}}]}},"s":{"0":0,"1":0,"2":0,"3":0,"4":0,"5":0,"6":0},"f":{"0":0},"b":{"0":[0],"1":[0],"2":[0],"3":[0,0,0],"4":[0,0],"5":[0,0]}}
,"/Users/andreasolsson/Code/Work/@cdab/components/src/card/index.tsx": {"path":"/Users/andreasolsson/Code/Work/@cdab/components/src/card/index.tsx","statementMap":{"0":{"start":{"line":1,"column":0},"end":{"line":1,"column":23}}},"fnMap":{},"branchMap":{},"s":{"0":0},"f":{},"b":{}}
,"/Users/andreasolsson/Code/Work/@cdab/components/src/card/styled.d.ts": {"path":"/Users/andreasolsson/Code/Work/@cdab/components/src/card/styled.d.ts","statementMap":{},"fnMap":{},"branchMap":{},"s":{},"f":{},"b":{},"inputSourceMap":null}
,"/Users/andreasolsson/Code/Work/@cdab/components/src/theming/basecolors.ts": {"path":"/Users/andreasolsson/Code/Work/@cdab/components/src/theming/basecolors.ts","statementMap":{"0":{"start":{"line":2,"column":0},"end":{"line":2,"column":41}},"1":{"start":{"line":14,"column":26},"end":{"line":14,"column":51}},"2":{"start":{"line":15,"column":26},"end":{"line":15,"column":51}},"3":{"start":{"line":16,"column":26},"end":{"line":16,"column":51}},"4":{"start":{"line":17,"column":26},"end":{"line":17,"column":51}},"5":{"start":{"line":18,"column":26},"end":{"line":18,"column":51}},"6":{"start":{"line":19,"column":26},"end":{"line":19,"column":51}},"7":{"start":{"line":20,"column":26},"end":{"line":20,"column":51}},"8":{"start":{"line":21,"column":26},"end":{"line":21,"column":51}},"9":{"start":{"line":22,"column":26},"end":{"line":22,"column":51}},"10":{"start":{"line":24,"column":38},"end":{"line":24,"column":75}},"11":{"start":{"line":25,"column":38},"end":{"line":25,"column":75}},"12":{"start":{"line":26,"column":38},"end":{"line":26,"column":75}},"13":{"start":{"line":27,"column":38},"end":{"line":27,"column":75}},"14":{"start":{"line":28,"column":38},"end":{"line":28,"column":75}},"15":{"start":{"line":29,"column":38},"end":{"line":29,"column":75}},"16":{"start":{"line":31,"column":26},"end":{"line":31,"column":51}},"17":{"start":{"line":32,"column":26},"end":{"line":32,"column":51}},"18":{"start":{"line":33,"column":26},"end":{"line":33,"column":51}},"19":{"start":{"line":34,"column":26},"end":{"line":34,"column":51}},"20":{"start":{"line":35,"column":26},"end":{"line":35,"column":51}},"21":{"start":{"line":36,"column":26},"end":{"line":36,"column":51}},"22":{"start":{"line":37,"column":26},"end":{"line":37,"column":51}},"23":{"start":{"line":38,"column":26},"end":{"line":38,"column":51}},"24":{"start":{"line":39,"column":26},"end":{"line":39,"column":51}},"25":{"start":{"line":41,"column":38},"end":{"line":41,"column":75}},"26":{"start":{"line":42,"column":38},"end":{"line":42,"column":75}},"27":{"start":{"line":43,"column":38},"end":{"line":43,"column":75}},"28":{"start":{"line":44,"column":38},"end":{"line":44,"column":75}},"29":{"start":{"line":45,"column":38},"end":{"line":45,"column":75}},"30":{"start":{"line":46,"column":38},"end":{"line":46,"column":75}},"31":{"start":{"line":48,"column":23},"end":{"line":48,"column":45}},"32":{"start":{"line":49,"column":23},"end":{"line":49,"column":45}},"33":{"start":{"line":50,"column":23},"end":{"line":50,"column":45}},"34":{"start":{"line":51,"column":23},"end":{"line":51,"column":45}},"35":{"start":{"line":52,"column":23},"end":{"line":52,"column":45}},"36":{"start":{"line":53,"column":23},"end":{"line":53,"column":45}},"37":{"start":{"line":54,"column":23},"end":{"line":54,"column":45}},"38":{"start":{"line":55,"column":23},"end":{"line":55,"column":45}},"39":{"start":{"line":56,"column":23},"end":{"line":56,"column":45}},"40":{"start":{"line":58,"column":35},"end":{"line":58,"column":69}},"41":{"start":{"line":59,"column":35},"end":{"line":59,"column":69}},"42":{"start":{"line":60,"column":35},"end":{"line":60,"column":69}},"43":{"start":{"line":61,"column":35},"end":{"line":61,"column":69}},"44":{"start":{"line":62,"column":35},"end":{"line":62,"column":69}},"45":{"start":{"line":63,"column":35},"end":{"line":63,"column":69}},"46":{"start":{"line":65,"column":26},"end":{"line":65,"column":51}},"47":{"start":{"line":66,"column":26},"end":{"line":66,"column":51}},"48":{"start":{"line":67,"column":26},"end":{"line":67,"column":51}},"49":{"start":{"line":68,"column":26},"end":{"line":68,"column":51}},"50":{"start":{"line":69,"column":26},"end":{"line":69,"column":51}},"51":{"start":{"line":70,"column":26},"end":{"line":70,"column":51}},"52":{"start":{"line":71,"column":26},"end":{"line":71,"column":51}},"53":{"start":{"line":72,"column":26},"end":{"line":72,"column":51}},"54":{"start":{"line":73,"column":26},"end":{"line":73,"column":51}},"55":{"start":{"line":75,"column":38},"end":{"line":75,"column":75}},"56":{"start":{"line":76,"column":38},"end":{"line":76,"column":75}},"57":{"start":{"line":77,"column":38},"end":{"line":77,"column":75}},"58":{"start":{"line":78,"column":38},"end":{"line":78,"column":75}},"59":{"start":{"line":79,"column":38},"end":{"line":79,"column":75}},"60":{"start":{"line":80,"column":38},"end":{"line":80,"column":75}},"61":{"start":{"line":82,"column":25},"end":{"line":82,"column":49}},"62":{"start":{"line":83,"column":25},"end":{"line":83,"column":49}},"63":{"start":{"line":84,"column":25},"end":{"line":84,"column":49}},"64":{"start":{"line":85,"column":25},"end":{"line":85,"column":49}},"65":{"start":{"line":86,"column":25},"end":{"line":86,"column":49}},"66":{"start":{"line":87,"column":25},"end":{"line":87,"column":49}},"67":{"start":{"line":88,"column":25},"end":{"line":88,"column":49}},"68":{"start":{"line":89,"column":25},"end":{"line":89,"column":49}},"69":{"start":{"line":90,"column":25},"end":{"line":90,"column":49}},"70":{"start":{"line":92,"column":37},"end":{"line":92,"column":73}},"71":{"start":{"line":93,"column":37},"end":{"line":93,"column":73}},"72":{"start":{"line":94,"column":37},"end":{"line":94,"column":73}},"73":{"start":{"line":95,"column":37},"end":{"line":95,"column":73}},"74":{"start":{"line":96,"column":37},"end":{"line":96,"column":73}},"75":{"start":{"line":97,"column":37},"end":{"line":97,"column":73}},"76":{"start":{"line":104,"column":24},"end":{"line":104,"column":33}},"77":{"start":{"line":105,"column":24},"end":{"line":105,"column":33}},"78":{"start":{"line":106,"column":24},"end":{"line":106,"column":33}},"79":{"start":{"line":107,"column":24},"end":{"line":107,"column":33}},"80":{"start":{"line":108,"column":24},"end":{"line":108,"column":33}},"81":{"start":{"line":109,"column":24},"end":{"line":109,"column":33}},"82":{"start":{"line":110,"column":24},"end":{"line":110,"column":33}},"83":{"start":{"line":111,"column":24},"end":{"line":111,"column":33}},"84":{"start":{"line":112,"column":24},"end":{"line":112,"column":33}},"85":{"start":{"line":113,"column":25},"end":{"line":113,"column":34}},"86":{"start":{"line":114,"column":25},"end":{"line":114,"column":34}},"87":{"start":{"line":116,"column":36},"end":{"line":116,"column":63}},"88":{"start":{"line":117,"column":36},"end":{"line":117,"column":63}},"89":{"start":{"line":118,"column":36},"end":{"line":118,"column":63}},"90":{"start":{"line":119,"column":36},"end":{"line":119,"column":63}},"91":{"start":{"line":120,"column":36},"end":{"line":120,"column":62}},"92":{"start":{"line":121,"column":36},"end":{"line":121,"column":63}},"93":{"start":{"line":123,"column":44},"end":{"line":123,"column":71}},"94":{"start":{"line":124,"column":44},"end":{"line":124,"column":71}},"95":{"start":{"line":125,"column":44},"end":{"line":125,"column":71}},"96":{"start":{"line":126,"column":44},"end":{"line":126,"column":71}},"97":{"start":{"line":127,"column":44},"end":{"line":127,"column":70}},"98":{"start":{"line":128,"column":44},"end":{"line":128,"column":71}},"99":{"start":{"line":131,"column":13},"end":{"line":230,"column":2}}},"fnMap":{},"branchMap":{},"s":{"0":0,"1":0,"2":0,"3":0,"4":0,"5":0,"6":0,"7":0,"8":0,"9":0,"10":0,"11":0,"12":0,"13":0,"14":0,"15":0,"16":0,"17":0,"18":0,"19":0,"20":0,"21":0,"22":0,"23":0,"24":0,"25":0,"26":0,"27":0,"28":0,"29":0,"30":0,"31":0,"32":0,"33":0,"34":0,"35":0,"36":0,"37":0,"38":0,"39":0,"40":0,"41":0,"42":0,"43":0,"44":0,"45":0,"46":0,"47":0,"48":0,"49":0,"50":0,"51":0,"52":0,"53":0,"54":0,"55":0,"56":0,"57":0,"58":0,"59":0,"60":0,"61":0,"62":0,"63":0,"64":0,"65":0,"66":0,"67":0,"68":0,"69":0,"70":0,"71":0,"72":0,"73":0,"74":0,"75":0,"76":0,"77":0,"78":0,"79":0,"80":0,"81":0,"82":0,"83":0,"84":0,"85":0,"86":0,"87":0,"88":0,"89":0,"90":0,"91":0,"92":0,"93":0,"94":0,"95":0,"96":0,"97":0,"98":0,"99":0},"f":{},"b":{}}
,"/Users/andreasolsson/Code/Work/@cdab/components/src/theming/breakpoints.ts": {"path":"/Users/andreasolsson/Code/Work/@cdab/components/src/theming/breakpoints.ts","statementMap":{"0":{"start":{"line":1,"column":13},"end":{"line":45,"column":2}}},"fnMap":{},"branchMap":{},"s":{"0":0},"f":{},"b":{}}
,"/Users/andreasolsson/Code/Work/@cdab/components/src/theming/colors.ts": {"path":"/Users/andreasolsson/Code/Work/@cdab/components/src/theming/colors.ts","statementMap":{"0":{"start":{"line":10,"column":28},"end":{"line":519,"column":1}},"1":{"start":{"line":15,"column":28},"end":{"line":15,"column":54}},"2":{"start":{"line":16,"column":28},"end":{"line":16,"column":54}},"3":{"start":{"line":17,"column":30},"end":{"line":17,"column":56}},"4":{"start":{"line":18,"column":29},"end":{"line":18,"column":55}},"5":{"start":{"line":19,"column":31},"end":{"line":19,"column":69}},"6":{"start":{"line":20,"column":35},"end":{"line":20,"column":61}},"7":{"start":{"line":21,"column":35},"end":{"line":21,"column":52}},"8":{"start":{"line":22,"column":37},"end":{"line":22,"column":56}},"9":{"start":{"line":23,"column":36},"end":{"line":23,"column":54}},"10":{"start":{"line":24,"column":38},"end":{"line":24,"column":58}},"11":{"start":{"line":26,"column":40},"end":{"line":26,"column":78}},"12":{"start":{"line":27,"column":40},"end":{"line":27,"column":78}},"13":{"start":{"line":29,"column":4},"end":{"line":29,"column":42}},"14":{"start":{"line":30,"column":41},"end":{"line":30,"column":79}},"15":{"start":{"line":32,"column":4},"end":{"line":32,"column":42}},"16":{"start":{"line":33,"column":47},"end":{"line":33,"column":73}},"17":{"start":{"line":34,"column":47},"end":{"line":34,"column":73}},"18":{"start":{"line":35,"column":49},"end":{"line":35,"column":75}},"19":{"start":{"line":36,"column":48},"end":{"line":36,"column":74}},"20":{"start":{"line":38,"column":4},"end":{"line":38,"column":42}},"21":{"start":{"line":40,"column":30},"end":{"line":40,"column":58}},"22":{"start":{"line":41,"column":30},"end":{"line":41,"column":58}},"23":{"start":{"line":42,"column":32},"end":{"line":42,"column":60}},"24":{"start":{"line":43,"column":31},"end":{"line":43,"column":59}},"25":{"start":{"line":44,"column":33},"end":{"line":44,"column":71}},"26":{"start":{"line":45,"column":37},"end":{"line":45,"column":65}},"27":{"start":{"line":46,"column":37},"end":{"line":46,"column":56}},"28":{"start":{"line":47,"column":39},"end":{"line":47,"column":60}},"29":{"start":{"line":48,"column":38},"end":{"line":48,"column":58}},"30":{"start":{"line":49,"column":40},"end":{"line":49,"column":62}},"31":{"start":{"line":52,"column":4},"end":{"line":52,"column":44}},"32":{"start":{"line":54,"column":4},"end":{"line":54,"column":44}},"33":{"start":{"line":56,"column":4},"end":{"line":56,"column":44}},"34":{"start":{"line":58,"column":4},"end":{"line":58,"column":44}},"35":{"start":{"line":60,"column":4},"end":{"line":60,"column":42}},"36":{"start":{"line":61,"column":49},"end":{"line":61,"column":77}},"37":{"start":{"line":62,"column":49},"end":{"line":62,"column":77}},"38":{"start":{"line":63,"column":51},"end":{"line":63,"column":79}},"39":{"start":{"line":64,"column":50},"end":{"line":64,"column":78}},"40":{"start":{"line":66,"column":4},"end":{"line":66,"column":42}},"41":{"start":{"line":68,"column":30},"end":{"line":68,"column":58}},"42":{"start":{"line":69,"column":30},"end":{"line":69,"column":58}},"43":{"start":{"line":70,"column":32},"end":{"line":70,"column":60}},"44":{"start":{"line":71,"column":31},"end":{"line":71,"column":59}},"45":{"start":{"line":72,"column":33},"end":{"line":72,"column":71}},"46":{"start":{"line":73,"column":37},"end":{"line":73,"column":65}},"47":{"start":{"line":74,"column":37},"end":{"line":74,"column":56}},"48":{"start":{"line":75,"column":39},"end":{"line":75,"column":60}},"49":{"start":{"line":76,"column":38},"end":{"line":76,"column":58}},"50":{"start":{"line":77,"column":40},"end":{"line":77,"column":62}},"51":{"start":{"line":80,"column":4},"end":{"line":80,"column":44}},"52":{"start":{"line":81,"column":49},"end":{"line":81,"column":77}},"53":{"start":{"line":83,"column":4},"end":{"line":83,"column":44}},"54":{"start":{"line":84,"column":49},"end":{"line":84,"column":77}},"55":{"start":{"line":86,"column":4},"end":{"line":86,"column":44}},"56":{"start":{"line":87,"column":51},"end":{"line":87,"column":79}},"57":{"start":{"line":89,"column":4},"end":{"line":89,"column":44}},"58":{"start":{"line":90,"column":50},"end":{"line":90,"column":78}},"59":{"start":{"line":92,"column":4},"end":{"line":92,"column":42}},"60":{"start":{"line":94,"column":4},"end":{"line":94,"column":42}},"61":{"start":{"line":96,"column":27},"end":{"line":96,"column":52}},"62":{"start":{"line":97,"column":27},"end":{"line":97,"column":52}},"63":{"start":{"line":98,"column":29},"end":{"line":98,"column":54}},"64":{"start":{"line":99,"column":28},"end":{"line":99,"column":53}},"65":{"start":{"line":100,"column":30},"end":{"line":100,"column":68}},"66":{"start":{"line":101,"column":34},"end":{"line":101,"column":59}},"67":{"start":{"line":102,"column":34},"end":{"line":102,"column":50}},"68":{"start":{"line":103,"column":36},"end":{"line":103,"column":54}},"69":{"start":{"line":104,"column":35},"end":{"line":104,"column":52}},"70":{"start":{"line":105,"column":37},"end":{"line":105,"column":56}},"71":{"start":{"line":107,"column":39},"end":{"line":107,"column":76}},"72":{"start":{"line":108,"column":39},"end":{"line":108,"column":76}},"73":{"start":{"line":109,"column":41},"end":{"line":109,"column":78}},"74":{"start":{"line":110,"column":40},"end":{"line":110,"column":77}},"75":{"start":{"line":112,"column":4},"end":{"line":112,"column":42}},"76":{"start":{"line":113,"column":46},"end":{"line":113,"column":71}},"77":{"start":{"line":114,"column":46},"end":{"line":114,"column":71}},"78":{"start":{"line":115,"column":48},"end":{"line":115,"column":73}},"79":{"start":{"line":116,"column":47},"end":{"line":116,"column":72}},"80":{"start":{"line":118,"column":4},"end":{"line":118,"column":42}},"81":{"start":{"line":120,"column":30},"end":{"line":120,"column":58}},"82":{"start":{"line":121,"column":30},"end":{"line":121,"column":58}},"83":{"start":{"line":122,"column":32},"end":{"line":122,"column":60}},"84":{"start":{"line":123,"column":31},"end":{"line":123,"column":59}},"85":{"start":{"line":124,"column":33},"end":{"line":124,"column":71}},"86":{"start":{"line":125,"column":37},"end":{"line":125,"column":65}},"87":{"start":{"line":126,"column":37},"end":{"line":126,"column":56}},"88":{"start":{"line":127,"column":39},"end":{"line":127,"column":60}},"89":{"start":{"line":128,"column":38},"end":{"line":128,"column":58}},"90":{"start":{"line":129,"column":40},"end":{"line":129,"column":62}},"91":{"start":{"line":132,"column":4},"end":{"line":132,"column":44}},"92":{"start":{"line":134,"column":4},"end":{"line":134,"column":44}},"93":{"start":{"line":136,"column":4},"end":{"line":136,"column":44}},"94":{"start":{"line":138,"column":4},"end":{"line":138,"column":44}},"95":{"start":{"line":140,"column":4},"end":{"line":140,"column":42}},"96":{"start":{"line":141,"column":49},"end":{"line":141,"column":77}},"97":{"start":{"line":142,"column":49},"end":{"line":142,"column":77}},"98":{"start":{"line":143,"column":51},"end":{"line":143,"column":79}},"99":{"start":{"line":144,"column":50},"end":{"line":144,"column":78}},"100":{"start":{"line":146,"column":4},"end":{"line":146,"column":42}},"101":{"start":{"line":148,"column":29},"end":{"line":148,"column":56}},"102":{"start":{"line":149,"column":29},"end":{"line":149,"column":56}},"103":{"start":{"line":150,"column":31},"end":{"line":150,"column":58}},"104":{"start":{"line":151,"column":30},"end":{"line":151,"column":57}},"105":{"start":{"line":152,"column":32},"end":{"line":152,"column":70}},"106":{"start":{"line":153,"column":36},"end":{"line":153,"column":63}},"107":{"start":{"line":154,"column":36},"end":{"line":154,"column":54}},"108":{"start":{"line":155,"column":38},"end":{"line":155,"column":58}},"109":{"start":{"line":156,"column":37},"end":{"line":156,"column":56}},"110":{"start":{"line":157,"column":39},"end":{"line":157,"column":60}},"111":{"start":{"line":160,"column":4},"end":{"line":160,"column":43}},"112":{"start":{"line":162,"column":4},"end":{"line":162,"column":43}},"113":{"start":{"line":164,"column":4},"end":{"line":164,"column":43}},"114":{"start":{"line":166,"column":4},"end":{"line":166,"column":43}},"115":{"start":{"line":168,"column":4},"end":{"line":168,"column":42}},"116":{"start":{"line":169,"column":48},"end":{"line":169,"column":75}},"117":{"start":{"line":170,"column":48},"end":{"line":170,"column":75}},"118":{"start":{"line":171,"column":50},"end":{"line":171,"column":77}},"119":{"start":{"line":172,"column":49},"end":{"line":172,"column":76}},"120":{"start":{"line":174,"column":4},"end":{"line":174,"column":42}},"121":{"start":{"line":176,"column":30},"end":{"line":176,"column":56}},"122":{"start":{"line":177,"column":30},"end":{"line":177,"column":56}},"123":{"start":{"line":178,"column":32},"end":{"line":178,"column":58}},"124":{"start":{"line":179,"column":31},"end":{"line":179,"column":57}},"125":{"start":{"line":180,"column":33},"end":{"line":180,"column":71}},"126":{"start":{"line":181,"column":37},"end":{"line":181,"column":63}},"127":{"start":{"line":182,"column":37},"end":{"line":182,"column":56}},"128":{"start":{"line":183,"column":39},"end":{"line":183,"column":60}},"129":{"start":{"line":184,"column":38},"end":{"line":184,"column":58}},"130":{"start":{"line":185,"column":40},"end":{"line":185,"column":62}},"131":{"start":{"line":188,"column":4},"end":{"line":188,"column":50}},"132":{"start":{"line":190,"column":4},"end":{"line":190,"column":50}},"133":{"start":{"line":192,"column":4},"end":{"line":192,"column":50}},"134":{"start":{"line":194,"column":4},"end":{"line":194,"column":50}},"135":{"start":{"line":196,"column":4},"end":{"line":196,"column":42}},"136":{"start":{"line":197,"column":49},"end":{"line":197,"column":75}},"137":{"start":{"line":198,"column":49},"end":{"line":198,"column":75}},"138":{"start":{"line":199,"column":51},"end":{"line":199,"column":77}},"139":{"start":{"line":200,"column":50},"end":{"line":200,"column":76}},"140":{"start":{"line":202,"column":4},"end":{"line":202,"column":42}},"141":{"start":{"line":215,"column":35},"end":{"line":215,"column":61}},"142":{"start":{"line":216,"column":35},"end":{"line":216,"column":61}},"143":{"start":{"line":217,"column":35},"end":{"line":217,"column":61}},"144":{"start":{"line":218,"column":35},"end":{"line":218,"column":61}},"145":{"start":{"line":220,"column":31},"end":{"line":220,"column":57}},"146":{"start":{"line":221,"column":31},"end":{"line":221,"column":57}},"147":{"start":{"line":222,"column":31},"end":{"line":222,"column":57}},"148":{"start":{"line":223,"column":31},"end":{"line":223,"column":57}},"149":{"start":{"line":224,"column":31},"end":{"line":224,"column":57}},"150":{"start":{"line":226,"column":41},"end":{"line":226,"column":67}},"151":{"start":{"line":227,"column":41},"end":{"line":227,"column":67}},"152":{"start":{"line":228,"column":41},"end":{"line":228,"column":68}},"153":{"start":{"line":229,"column":41},"end":{"line":229,"column":68}},"154":{"start":{"line":231,"column":37},"end":{"line":231,"column":63}},"155":{"start":{"line":232,"column":37},"end":{"line":232,"column":63}},"156":{"start":{"line":233,"column":37},"end":{"line":233,"column":64}},"157":{"start":{"line":234,"column":37},"end":{"line":234,"column":64}},"158":{"start":{"line":235,"column":37},"end":{"line":235,"column":64}},"159":{"start":{"line":237,"column":37},"end":{"line":237,"column":65}},"160":{"start":{"line":238,"column":37},"end":{"line":238,"column":65}},"161":{"start":{"line":239,"column":37},"end":{"line":239,"column":65}},"162":{"start":{"line":240,"column":37},"end":{"line":240,"column":65}},"163":{"start":{"line":242,"column":33},"end":{"line":242,"column":59}},"164":{"start":{"line":243,"column":33},"end":{"line":243,"column":59}},"165":{"start":{"line":244,"column":33},"end":{"line":244,"column":59}},"166":{"start":{"line":245,"column":33},"end":{"line":245,"column":59}},"167":{"start":{"line":246,"column":33},"end":{"line":246,"column":59}},"168":{"start":{"line":258,"column":27},"end":{"line":258,"column":53}},"169":{"start":{"line":259,"column":31},"end":{"line":259,"column":57}},"170":{"start":{"line":260,"column":29},"end":{"line":260,"column":55}},"171":{"start":{"line":261,"column":30},"end":{"line":261,"column":68}},"172":{"start":{"line":262,"column":26},"end":{"line":262,"column":52}},"173":{"start":{"line":264,"column":29},"end":{"line":264,"column":50}},"174":{"start":{"line":265,"column":35},"end":{"line":265,"column":54}},"175":{"start":{"line":266,"column":35},"end":{"line":266,"column":54}},"176":{"start":{"line":267,"column":36},"end":{"line":267,"column":56}},"177":{"start":{"line":268,"column":38},"end":{"line":268,"column":66}},"178":{"start":{"line":270,"column":29},"end":{"line":270,"column":50}},"179":{"start":{"line":271,"column":35},"end":{"line":271,"column":54}},"180":{"start":{"line":272,"column":35},"end":{"line":272,"column":54}},"181":{"start":{"line":273,"column":36},"end":{"line":273,"column":56}},"182":{"start":{"line":274,"column":38},"end":{"line":274,"column":66}},"183":{"start":{"line":276,"column":26},"end":{"line":276,"column":44}},"184":{"start":{"line":277,"column":32},"end":{"line":277,"column":48}},"185":{"start":{"line":278,"column":32},"end":{"line":278,"column":48}},"186":{"start":{"line":279,"column":33},"end":{"line":279,"column":50}},"187":{"start":{"line":280,"column":35},"end":{"line":280,"column":60}},"188":{"start":{"line":282,"column":29},"end":{"line":282,"column":50}},"189":{"start":{"line":283,"column":35},"end":{"line":283,"column":54}},"190":{"start":{"line":284,"column":35},"end":{"line":284,"column":54}},"191":{"start":{"line":285,"column":36},"end":{"line":285,"column":56}},"192":{"start":{"line":286,"column":38},"end":{"line":286,"column":66}},"193":{"start":{"line":288,"column":28},"end":{"line":288,"column":48}},"194":{"start":{"line":289,"column":34},"end":{"line":289,"column":52}},"195":{"start":{"line":290,"column":34},"end":{"line":290,"column":52}},"196":{"start":{"line":291,"column":35},"end":{"line":291,"column":54}},"197":{"start":{"line":292,"column":37},"end":{"line":292,"column":64}},"198":{"start":{"line":295,"column":2},"end":{"line":518,"column":4}},"199":{"start":{"line":10,"column":13},"end":{"line":10,"column":28}}},"fnMap":{"0":{"name":"(anonymous_0)","decl":{"start":{"line":10,"column":28},"end":{"line":10,"column":29}},"loc":{"start":{"line":10,"column":56},"end":{"line":519,"column":1}}}},"branchMap":{},"s":{"0":0,"1":0,"2":0,"3":0,"4":0,"5":0,"6":0,"7":0,"8":0,"9":0,"10":0,"11":0,"12":0,"13":0,"14":0,"15":0,"16":0,"17":0,"18":0,"19":0,"20":0,"21":0,"22":0,"23":0,"24":0,"25":0,"26":0,"27":0,"28":0,"29":0,"30":0,"31":0,"32":0,"33":0,"34":0,"35":0,"36":0,"37":0,"38":0,"39":0,"40":0,"41":0,"42":0,"43":0,"44":0,"45":0,"46":0,"47":0,"48":0,"49":0,"50":0,"51":0,"52":0,"53":0,"54":0,"55":0,"56":0,"57":0,"58":0,"59":0,"60":0,"61":0,"62":0,"63":0,"64":0,"65":0,"66":0,"67":0,"68":0,"69":0,"70":0,"71":0,"72":0,"73":0,"74":0,"75":0,"76":0,"77":0,"78":0,"79":0,"80":0,"81":0,"82":0,"83":0,"84":0,"85":0,"86":0,"87":0,"88":0,"89":0,"90":0,"91":0,"92":0,"93":0,"94":0,"95":0,"96":0,"97":0,"98":0,"99":0,"100":0,"101":0,"102":0,"103":0,"104":0,"105":0,"106":0,"107":0,"108":0,"109":0,"110":0,"111":0,"112":0,"113":0,"114":0,"115":0,"116":0,"117":0,"118":0,"119":0,"120":0,"121":0,"122":0,"123":0,"124":0,"125":0,"126":0,"127":0,"128":0,"129":0,"130":0,"131":0,"132":0,"133":0,"134":0,"135":0,"136":0,"137":0,"138":0,"139":0,"140":0,"141":0,"142":0,"143":0,"144":0,"145":0,"146":0,"147":0,"148":0,"149":0,"150":0,"151":0,"152":0,"153":0,"154":0,"155":0,"156":0,"157":0,"158":0,"159":0,"160":0,"161":0,"162":0,"163":0,"164":0,"165":0,"166":0,"167":0,"168":0,"169":0,"170":0,"171":0,"172":0,"173":0,"174":0,"175":0,"176":0,"177":0,"178":0,"179":0,"180":0,"181":0,"182":0,"183":0,"184":0,"185":0,"186":0,"187":0,"188":0,"189":0,"190":0,"191":0,"192":0,"193":0,"194":0,"195":0,"196":0,"197":0,"198":0,"199":0},"f":{"0":0},"b":{}}
,"/Users/andreasolsson/Code/Work/@cdab/components/src/theming/index.ts": {"path":"/Users/andreasolsson/Code/Work/@cdab/components/src/theming/index.ts","statementMap":{"0":{"start":{"line":1,"column":0},"end":{"line":1,"column":26}},"1":{"start":{"line":2,"column":0},"end":{"line":2,"column":28}},"2":{"start":{"line":3,"column":0},"end":{"line":3,"column":25}},"3":{"start":{"line":4,"column":0},"end":{"line":4,"column":25}},"4":{"start":{"line":5,"column":0},"end":{"line":5,"column":29}}},"fnMap":{},"branchMap":{},"s":{"0":0,"1":0,"2":0,"3":0,"4":0},"f":{},"b":{}}
,"/Users/andreasolsson/Code/Work/@cdab/components/src/theming/mixins.ts": {"path":"/Users/andreasolsson/Code/Work/@cdab/components/src/theming/mixins.ts","statementMap":{"0":{"start":{"line":1,"column":0},"end":{"line":1,"column":74}},"1":{"start":{"line":14,"column":34},"end":{"line":22,"column":1}},"2":{"start":{"line":17,"column":2},"end":{"line":21,"column":4}},"3":{"start":{"line":14,"column":13},"end":{"line":14,"column":34}},"4":{"start":{"line":38,"column":23},"end":{"line":58,"column":1}},"5":{"start":{"line":43,"column":23},"end":{"line":43,"column":62}},"6":{"start":{"line":45,"column":2},"end":{"line":53,"column":null}},"7":{"start":{"line":46,"column":24},"end":{"line":46,"column":68}},"8":{"start":{"line":48,"column":4},"end":{"line":52,"column":6}},"9":{"start":{"line":55,"column":2},"end":{"line":57,"column":4}},"10":{"start":{"line":38,"column":13},"end":{"line":38,"column":23}}},"fnMap":{"0":{"name":"(anonymous_0)","decl":{"start":{"line":14,"column":34},"end":{"line":14,"column":null}},"loc":{"start":{"line":16,"column":32},"end":{"line":22,"column":1}}},"1":{"name":"(anonymous_1)","decl":{"start":{"line":38,"column":23},"end":{"line":38,"column":null}},"loc":{"start":{"line":42,"column":32},"end":{"line":58,"column":1}}}},"branchMap":{"0":{"loc":{"start":{"line":41,"column":39},"end":{"line":41,"column":40}},"type":"default-arg","locations":[{"start":{"line":41,"column":39},"end":{"line":41,"column":40}}]},"1":{"loc":{"start":{"line":45,"column":2},"end":{"line":53,"column":null}},"type":"if","locations":[{"start":{"line":45,"column":2},"end":{"line":53,"column":null}},{"start":{"line":45,"column":2},"end":{"line":53,"column":null}}]}},"s":{"0":0,"1":0,"2":0,"3":0,"4":0,"5":0,"6":0,"7":0,"8":0,"9":0,"10":0},"f":{"0":0,"1":0},"b":{"0":[0],"1":[0,0]}}
,"/Users/andreasolsson/Code/Work/@cdab/components/src/theming/normalize.ts": {"path":"/Users/andreasolsson/Code/Work/@cdab/components/src/theming/normalize.ts","statementMap":{"0":{"start":{"line":1,"column":0},"end":{"line":1,"column":60}},"1":{"start":{"line":3,"column":13},"end":{"line":410,"column":2}},"2":{"start":{"line":354,"column":29},"end":{"line":354,"column":58}},"3":{"start":{"line":355,"column":35},"end":{"line":355,"column":78}},"4":{"start":{"line":356,"column":33},"end":{"line":356,"column":74}},"5":{"start":{"line":357,"column":35},"end":{"line":357,"column":78}},"6":{"start":{"line":358,"column":35},"end":{"line":358,"column":78}},"7":{"start":{"line":362,"column":28},"end":{"line":362,"column":57}},"8":{"start":{"line":366,"column":28},"end":{"line":366,"column":57}},"9":{"start":{"line":367,"column":34},"end":{"line":367,"column":77}},"10":{"start":{"line":368,"column":32},"end":{"line":368,"column":73}},"11":{"start":{"line":369,"column":34},"end":{"line":369,"column":77}},"12":{"start":{"line":370,"column":34},"end":{"line":370,"column":77}}},"fnMap":{"0":{"name":"(anonymous_0)","decl":{"start":{"line":354,"column":14},"end":{"line":354,"column":15}},"loc":{"start":{"line":354,"column":29},"end":{"line":354,"column":58}}},"1":{"name":"(anonymous_1)","decl":{"start":{"line":355,"column":20},"end":{"line":355,"column":21}},"loc":{"start":{"line":355,"column":35},"end":{"line":355,"column":78}}},"2":{"name":"(anonymous_2)","decl":{"start":{"line":356,"column":18},"end":{"line":356,"column":19}},"loc":{"start":{"line":356,"column":33},"end":{"line":356,"column":74}}},"3":{"name":"(anonymous_3)","decl":{"start":{"line":357,"column":20},"end":{"line":357,"column":21}},"loc":{"start":{"line":357,"column":35},"end":{"line":357,"column":78}}},"4":{"name":"(anonymous_4)","decl":{"start":{"line":358,"column":20},"end":{"line":358,"column":21}},"loc":{"start":{"line":358,"column":35},"end":{"line":358,"column":78}}},"5":{"name":"(anonymous_5)","decl":{"start":{"line":362,"column":13},"end":{"line":362,"column":14}},"loc":{"start":{"line":362,"column":28},"end":{"line":362,"column":57}}},"6":{"name":"(anonymous_6)","decl":{"start":{"line":366,"column":13},"end":{"line":366,"column":14}},"loc":{"start":{"line":366,"column":28},"end":{"line":366,"column":57}}},"7":{"name":"(anonymous_7)","decl":{"start":{"line":367,"column":19},"end":{"line":367,"column":20}},"loc":{"start":{"line":367,"column":34},"end":{"line":367,"column":77}}},"8":{"name":"(anonymous_8)","decl":{"start":{"line":368,"column":17},"end":{"line":368,"column":18}},"loc":{"start":{"line":368,"column":32},"end":{"line":368,"column":73}}},"9":{"name":"(anonymous_9)","decl":{"start":{"line":369,"column":19},"end":{"line":369,"column":20}},"loc":{"start":{"line":369,"column":34},"end":{"line":369,"column":77}}},"10":{"name":"(anonymous_10)","decl":{"start":{"line":370,"column":19},"end":{"line":370,"column":20}},"loc":{"start":{"line":370,"column":34},"end":{"line":370,"column":77}}}},"branchMap":{},"s":{"0":0,"1":0,"2":0,"3":0,"4":0,"5":0,"6":0,"7":0,"8":0,"9":0,"10":0,"11":0,"12":0},"f":{"0":0,"1":0,"2":0,"3":0,"4":0,"5":0,"6":0,"7":0,"8":0,"9":0,"10":0},"b":{}}
,"/Users/andreasolsson/Code/Work/@cdab/components/src/theming/spacing.ts": {"path":"/Users/andreasolsson/Code/Work/@cdab/components/src/theming/spacing.ts","statementMap":{"0":{"start":{"line":1,"column":13},"end":{"line":5,"column":2}}},"fnMap":{},"branchMap":{},"s":{"0":0},"f":{},"b":{}}
,"/Users/andreasolsson/Code/Work/@cdab/components/src/theming/support.ts": {"path":"/Users/andreasolsson/Code/Work/@cdab/components/src/theming/support.ts","statementMap":{"0":{"start":{"line":10,"column":30},"end":{"line":34,"column":1}},"1":{"start":{"line":11,"column":24},"end":{"line":11,"column":62}},"2":{"start":{"line":13,"column":26},"end":{"line":13,"column":64}},"3":{"start":{"line":14,"column":37},"end":{"line":14,"column":68}},"4":{"start":{"line":15,"column":24},"end":{"line":15,"column":51}},"5":{"start":{"line":17,"column":2},"end":{"line":33,"column":4}},"6":{"start":{"line":10,"column":13},"end":{"line":10,"column":30}}},"fnMap":{"0":{"name":"(anonymous_0)","decl":{"start":{"line":10,"column":30},"end":{"line":10,"column":31}},"loc":{"start":{"line":10,"column":75},"end":{"line":34,"column":1}}}},"branchMap":{},"s":{"0":0,"1":0,"2":0,"3":0,"4":0,"5":0,"6":0},"f":{"0":0},"b":{}}
,"/Users/andreasolsson/Code/Work/@cdab/components/src/theming/test-utils.tsx": {"path":"/Users/andreasolsson/Code/Work/@cdab/components/src/theming/test-utils.tsx","statementMap":{"0":{"start":{"line":1,"column":0},"end":{"line":1,"column":31}},"1":{"start":{"line":2,"column":0},"end":{"line":2,"column":70}},"2":{"start":{"line":3,"column":0},"end":{"line":3,"column":61}},"3":{"start":{"line":9,"column":15},"end":{"line":15,"column":1}},"4":{"start":{"line":9,"column":40},"end":{"line":9,"column":45}},"5":{"start":{"line":9,"column":52},"end":{"line":9,"column":63}},"6":{"start":{"line":10,"column":28},"end":{"line":12,"column":3}},"7":{"start":{"line":11,"column":4},"end":{"line":11,"column":67}},"8":{"start":{"line":14,"column":2},"end":{"line":14,"column":57}},"9":{"start":{"line":18,"column":9},"end":{"line":18,"column":15}},"10":{"start":{"line":17,"column":0},"end":{"line":17,"column":39}}},"fnMap":{"0":{"name":"(anonymous_0)","decl":{"start":{"line":9,"column":15},"end":{"line":9,"column":16}},"loc":{"start":{"line":9,"column":67},"end":{"line":15,"column":1}}},"1":{"name":"(anonymous_1)","decl":{"start":{"line":10,"column":28},"end":{"line":10,"column":29}},"loc":{"start":{"line":10,"column":45},"end":{"line":12,"column":3}}}},"branchMap":{},"s":{"0":0,"1":0,"2":0,"3":0,"4":0,"5":0,"6":0,"7":0,"8":0,"9":0,"10":0},"f":{"0":0,"1":0},"b":{}}
,"/Users/andreasolsson/Code/Work/@cdab/components/src/theming/theming.ts": {"path":"/Users/andreasolsson/Code/Work/@cdab/components/src/theming/theming.ts","statementMap":{"0":{"start":{"line":1,"column":0},"end":{"line":1,"column":22}},"1":{"start":{"line":5,"column":0},"end":{"line":5,"column":42}},"2":{"start":{"line":6,"column":0},"end":{"line":6,"column":48}},"3":{"start":{"line":7,"column":0},"end":{"line":7,"column":46}},"4":{"start":{"line":8,"column":0},"end":{"line":8,"column":52}},"5":{"start":{"line":9,"column":0},"end":{"line":9,"column":43}},"6":{"start":{"line":10,"column":0},"end":{"line":10,"column":35}},"7":{"start":{"line":12,"column":34},"end":{"line":17,"column":null}},"8":{"start":{"line":24,"column":21},"end":{"line":26,"column":1}},"9":{"start":{"line":25,"column":2},"end":{"line":25,"column":null}},"10":{"start":{"line":24,"column":13},"end":{"line":24,"column":21}},"11":{"start":{"line":41,"column":33},"end":{"line":41,"column":95}},"12":{"start":{"line":41,"column":72},"end":{"line":41,"column":95}},"13":{"start":{"line":41,"column":13},"end":{"line":41,"column":33}},"14":{"start":{"line":63,"column":27},"end":{"line":104,"column":1}},"15":{"start":{"line":67,"column":22},"end":{"line":71,"column":null}},"16":{"start":{"line":74,"column":17},"end":{"line":74,"column":53}},"17":{"start":{"line":75,"column":18},"end":{"line":75,"column":64}},"18":{"start":{"line":77,"column":15},"end":{"line":80,"column":4}},"19":{"start":{"line":82,"column":43},"end":{"line":100,"column":null}},"20":{"start":{"line":87,"column":6},"end":{"line":92,"column":null}},"21":{"start":{"line":88,"column":8},"end":{"line":88,"column":null}},"22":{"start":{"line":88,"column":50},"end":{"line":88,"column":null}},"23":{"start":{"line":89,"column":8},"end":{"line":89,"column":null}},"24":{"start":{"line":91,"column":8},"end":{"line":91,"column":null}},"25":{"start":{"line":94,"column":22},"end":{"line":94,"column":34}},"26":{"start":{"line":95,"column":6},"end":{"line":97,"column":null}},"27":{"start":{"line":103,"column":2},"end":{"line":103,"column":null}},"28":{"start":{"line":63,"column":13},"end":{"line":63,"column":27}}},"fnMap":{"0":{"name":"(anonymous_0)","decl":{"start":{"line":24,"column":21},"end":{"line":24,"column":39}},"loc":{"start":{"line":24,"column":50},"end":{"line":26,"column":1}}},"1":{"name":"(anonymous_1)","decl":{"start":{"line":41,"column":33},"end":{"line":41,"column":34}},"loc":{"start":{"line":41,"column":72},"end":{"line":41,"column":95}}},"2":{"name":"(anonymous_2)","decl":{"start":{"line":63,"column":27},"end":{"line":63,"column":null}},"loc":{"start":{"line":66,"column":18},"end":{"line":104,"column":1}}},"3":{"name":"(anonymous_3)","decl":{"start":{"line":84,"column":4},"end":{"line":84,"column":5}},"loc":{"start":{"line":84,"column":23},"end":{"line":99,"column":5}}}},"branchMap":{"0":{"loc":{"start":{"line":41,"column":72},"end":{"line":41,"column":75}},"type":"binary-expr","locations":[{"start":{"line":41,"column":72},"end":{"line":41,"column":75}},{"start":{"line":41,"column":79},"end":{"line":41,"column":95}}]},"1":{"loc":{"start":{"line":65,"column":41},"end":{"line":65,"column":43}},"type":"default-arg","locations":[{"start":{"line":65,"column":41},"end":{"line":65,"column":43}}]},"2":{"loc":{"start":{"line":87,"column":6},"end":{"line":92,"column":null}},"type":"if","locations":[{"start":{"line":87,"column":6},"end":{"line":92,"column":null}},{"start":{"line":87,"column":6},"end":{"line":92,"column":null}}]},"3":{"loc":{"start":{"line":88,"column":8},"end":{"line":88,"column":null}},"type":"if","locations":[{"start":{"line":88,"column":8},"end":{"line":88,"column":null}},{"start":{"line":88,"column":8},"end":{"line":88,"column":null}}]}},"s":{"0":0,"1":0,"2":0,"3":0,"4":0,"5":0,"6":0,"7":0,"8":0,"9":0,"10":0,"11":0,"12":0,"13":0,"14":0,"15":0,"16":0,"17":0,"18":0,"19":0,"20":0,"21":0,"22":0,"23":0,"24":0,"25":0,"26":0,"27":0,"28":0},"f":{"0":0,"1":0,"2":0,"3":0},"b":{"0":[0,0],"1":[0],"2":[0,0],"3":[0,0]}}
,"/Users/andreasolsson/Code/Work/@cdab/components/src/theming/typography.ts": {"path":"/Users/andreasolsson/Code/Work/@cdab/components/src/theming/typography.ts","statementMap":{"0":{"start":{"line":5,"column":28},"end":{"line":5,"column":51}},"1":{"start":{"line":6,"column":30},"end":{"line":6,"column":49}},"2":{"start":{"line":9,"column":35},"end":{"line":9,"column":56}},"3":{"start":{"line":10,"column":33},"end":{"line":10,"column":42}},"4":{"start":{"line":11,"column":35},"end":{"line":11,"column":38}},"5":{"start":{"line":12,"column":35},"end":{"line":12,"column":41}},"6":{"start":{"line":16,"column":35},"end":{"line":16,"column":56}},"7":{"start":{"line":17,"column":33},"end":{"line":17,"column":39}},"8":{"start":{"line":18,"column":35},"end":{"line":18,"column":38}},"9":{"start":{"line":19,"column":35},"end":{"line":19,"column":43}},"10":{"start":{"line":23,"column":35},"end":{"line":23,"column":56}},"11":{"start":{"line":24,"column":33},"end":{"line":24,"column":43}},"12":{"start":{"line":25,"column":35},"end":{"line":25,"column":38}},"13":{"start":{"line":26,"column":35},"end":{"line":26,"column":43}},"14":{"start":{"line":30,"column":35},"end":{"line":30,"column":56}},"15":{"start":{"line":31,"column":33},"end":{"line":31,"column":43}},"16":{"start":{"line":32,"column":35},"end":{"line":32,"column":38}},"17":{"start":{"line":33,"column":35},"end":{"line":33,"column":41}},"18":{"start":{"line":37,"column":35},"end":{"line":37,"column":56}},"19":{"start":{"line":38,"column":33},"end":{"line":38,"column":43}},"20":{"start":{"line":39,"column":35},"end":{"line":39,"column":38}},"21":{"start":{"line":40,"column":35},"end":{"line":40,"column":41}},"22":{"start":{"line":44,"column":35},"end":{"line":44,"column":56}},"23":{"start":{"line":45,"column":33},"end":{"line":45,"column":43}},"24":{"start":{"line":46,"column":35},"end":{"line":46,"column":38}},"25":{"start":{"line":47,"column":35},"end":{"line":47,"column":43}},"26":{"start":{"line":51,"column":34},"end":{"line":51,"column":53}},"27":{"start":{"line":52,"column":32},"end":{"line":52,"column":43}},"28":{"start":{"line":53,"column":34},"end":{"line":53,"column":37}},"29":{"start":{"line":54,"column":34},"end":{"line":54,"column":42}},"30":{"start":{"line":58,"column":36},"end":{"line":58,"column":55}},"31":{"start":{"line":59,"column":34},"end":{"line":59,"column":45}},"32":{"start":{"line":60,"column":36},"end":{"line":60,"column":39}},"33":{"start":{"line":61,"column":36},"end":{"line":61,"column":44}},"34":{"start":{"line":65,"column":35},"end":{"line":65,"column":54}},"35":{"start":{"line":66,"column":33},"end":{"line":66,"column":44}},"36":{"start":{"line":67,"column":35},"end":{"line":67,"column":38}},"37":{"start":{"line":68,"column":35},"end":{"line":68,"column":44}},"38":{"start":{"line":72,"column":37},"end":{"line":72,"column":56}},"39":{"start":{"line":73,"column":35},"end":{"line":73,"column":46}},"40":{"start":{"line":74,"column":37},"end":{"line":74,"column":40}},"41":{"start":{"line":75,"column":37},"end":{"line":75,"column":47}},"42":{"start":{"line":79,"column":31},"end":{"line":79,"column":50}},"43":{"start":{"line":80,"column":29},"end":{"line":80,"column":38}},"44":{"start":{"line":81,"column":31},"end":{"line":81,"column":34}},"45":{"start":{"line":82,"column":31},"end":{"line":82,"column":37}},"46":{"start":{"line":86,"column":33},"end":{"line":86,"column":52}},"47":{"start":{"line":87,"column":31},"end":{"line":87,"column":40}},"48":{"start":{"line":88,"column":33},"end":{"line":88,"column":36}},"49":{"start":{"line":89,"column":33},"end":{"line":89,"column":39}},"50":{"start":{"line":93,"column":35},"end":{"line":93,"column":54}},"51":{"start":{"line":94,"column":33},"end":{"line":94,"column":42}},"52":{"start":{"line":95,"column":35},"end":{"line":95,"column":38}},"53":{"start":{"line":96,"column":35},"end":{"line":96,"column":41}},"54":{"start":{"line":100,"column":32},"end":{"line":100,"column":51}},"55":{"start":{"line":101,"column":32},"end":{"line":101,"column":35}},"56":{"start":{"line":102,"column":35},"end":{"line":102,"column":45}},"57":{"start":{"line":103,"column":37},"end":{"line":103,"column":46}},"58":{"start":{"line":104,"column":36},"end":{"line":104,"column":45}},"59":{"start":{"line":105,"column":38},"end":{"line":105,"column":44}},"60":{"start":{"line":106,"column":37},"end":{"line":106,"column":47}},"61":{"start":{"line":107,"column":39},"end":{"line":107,"column":45}},"62":{"start":{"line":108,"column":36},"end":{"line":108,"column":42}},"63":{"start":{"line":109,"column":38},"end":{"line":109,"column":47}},"64":{"start":{"line":110,"column":36},"end":{"line":110,"column":46}},"65":{"start":{"line":111,"column":38},"end":{"line":111,"column":46}},"66":{"start":{"line":114,"column":13},"end":{"line":195,"column":2}}},"fnMap":{},"branchMap":{},"s":{"0":0,"1":0,"2":0,"3":0,"4":0,"5":0,"6":0,"7":0,"8":0,"9":0,"10":0,"11":0,"12":0,"13":0,"14":0,"15":0,"16":0,"17":0,"18":0,"19":0,"20":0,"21":0,"22":0,"23":0,"24":0,"25":0,"26":0,"27":0,"28":0,"29":0,"30":0,"31":0,"32":0,"33":0,"34":0,"35":0,"36":0,"37":0,"38":0,"39":0,"40":0,"41":0,"42":0,"43":0,"44":0,"45":0,"46":0,"47":0,"48":0,"49":0,"50":0,"51":0,"52":0,"53":0,"54":0,"55":0,"56":0,"57":0,"58":0,"59":0,"60":0,"61":0,"62":0,"63":0,"64":0,"65":0,"66":0},"f":{},"b":{}}
}
